[debug] [2022-12-13T08:52:33.438Z] ----------------------------------------------------------------------
[debug] [2022-12-13T08:52:33.450Z] Command:       C:\Program Files\nodejs\node.exe C:\Users\USER\AppData\Roaming\npm\node_modules\firebase-tools\lib\bin\firebase.js deploy
[debug] [2022-12-13T08:52:33.451Z] CLI Version:   11.17.0
[debug] [2022-12-13T08:52:33.451Z] Platform:      win32
[debug] [2022-12-13T08:52:33.451Z] Node Version:  v16.15.1
[debug] [2022-12-13T08:52:33.593Z] Time:          Tue Dec 13 2022 14:52:33 GMT+0600 (Bangladesh Standard Time)
[debug] [2022-12-13T08:52:33.593Z] ----------------------------------------------------------------------
[debug] 
[debug] [2022-12-13T08:52:33.617Z] >>> [apiv2][query] GET https://firebase-public.firebaseio.com/cli.json [none]
[debug] [2022-12-13T08:52:33.841Z] > command requires scopes: ["email","openid","https://www.googleapis.com/auth/cloudplatformprojects.readonly","https://www.googleapis.com/auth/firebase","https://www.googleapis.com/auth/cloud-platform"]
[debug] [2022-12-13T08:52:33.842Z] > authorizing via signed-in user (allhafesh825@gmail.com)
[debug] [2022-12-13T08:52:33.842Z] [iam] checking project allhafesh for permissions ["firebase.projects.get","firebasehosting.sites.update"]
[debug] [2022-12-13T08:52:33.844Z] > refreshing access token with scopes: []
[debug] [2022-12-13T08:52:33.846Z] >>> [apiv2][query] POST https://www.googleapis.com/oauth2/v3/token [none]
[debug] [2022-12-13T08:52:33.846Z] >>> [apiv2][body] POST https://www.googleapis.com/oauth2/v3/token [omitted]
[debug] [2022-12-13T08:52:34.315Z] <<< [apiv2][status] POST https://www.googleapis.com/oauth2/v3/token 200
[debug] [2022-12-13T08:52:34.315Z] <<< [apiv2][body] POST https://www.googleapis.com/oauth2/v3/token [omitted]
[debug] [2022-12-13T08:52:34.351Z] >>> [apiv2][query] POST https://cloudresourcemanager.googleapis.com/v1/projects/allhafesh:testIamPermissions [none]
[debug] [2022-12-13T08:52:34.352Z] >>> [apiv2][(partial)header] POST https://cloudresourcemanager.googleapis.com/v1/projects/allhafesh:testIamPermissions x-goog-quota-user=projects/allhafesh
[debug] [2022-12-13T08:52:34.352Z] >>> [apiv2][body] POST https://cloudresourcemanager.googleapis.com/v1/projects/allhafesh:testIamPermissions {"permissions":["firebase.projects.get","firebasehosting.sites.update"]}
[debug] [2022-12-13T08:52:34.571Z] <<< [apiv2][status] GET https://firebase-public.firebaseio.com/cli.json 200
[debug] [2022-12-13T08:52:34.571Z] <<< [apiv2][body] GET https://firebase-public.firebaseio.com/cli.json {"cloudBuildErrorAfter":1594252800000,"cloudBuildWarnAfter":1590019200000,"defaultNode10After":1594252800000,"minVersion":"3.0.5","node8DeploysDisabledAfter":1613390400000,"node8RuntimeDisabledAfter":1615809600000,"node8WarnAfter":1600128000000}
[debug] [2022-12-13T08:52:36.169Z] <<< [apiv2][status] POST https://cloudresourcemanager.googleapis.com/v1/projects/allhafesh:testIamPermissions 200
[debug] [2022-12-13T08:52:36.170Z] <<< [apiv2][body] POST https://cloudresourcemanager.googleapis.com/v1/projects/allhafesh:testIamPermissions {"permissions":["firebase.projects.get","firebasehosting.sites.update"]}
[debug] [2022-12-13T08:52:36.171Z] >>> [apiv2][query] GET https://firebase.googleapis.com/v1beta1/projects/allhafesh [none]
[debug] [2022-12-13T08:52:36.938Z] <<< [apiv2][status] GET https://firebase.googleapis.com/v1beta1/projects/allhafesh 200
[debug] [2022-12-13T08:52:36.938Z] <<< [apiv2][body] GET https://firebase.googleapis.com/v1beta1/projects/allhafesh {"projectId":"allhafesh","projectNumber":"282886212642","displayName":"allhafesh","name":"projects/allhafesh","resources":{"hostingSite":"allhafesh"},"state":"ACTIVE","etag":"1_985017da-d8e3-44c0-aaf7-22d4d287925b"}
[info] 
[info] === Deploying to 'allhafesh'...
[info] 
[info] i  deploying hosting 
[debug] [2022-12-13T08:52:36.944Z] >>> [apiv2][query] POST https://firebasehosting.googleapis.com/v1beta1/projects/-/sites/allhafesh/versions [none]
[debug] [2022-12-13T08:52:36.945Z] >>> [apiv2][body] POST https://firebasehosting.googleapis.com/v1beta1/projects/-/sites/allhafesh/versions {"status":"CREATED","labels":{"deployment-tool":"cli-firebase"}}
[debug] [2022-12-13T08:52:38.689Z] <<< [apiv2][status] POST https://firebasehosting.googleapis.com/v1beta1/projects/-/sites/allhafesh/versions 200
[debug] [2022-12-13T08:52:38.689Z] <<< [apiv2][body] POST https://firebasehosting.googleapis.com/v1beta1/projects/-/sites/allhafesh/versions {"name":"projects/282886212642/sites/allhafesh/versions/2bc7371399a59c74","status":"CREATED","config":{},"labels":{"deployment-tool":"cli-firebase"}}
[info] i  hosting[allhafesh]: beginning deploy... 
[info] i  hosting[allhafesh]: found 35 files in build 
[debug] [2022-12-13T08:52:38.795Z] [hosting] uploading with 200 concurrency
[debug] [2022-12-13T08:52:39.565Z] [hosting] hash cache [YnVpbGQ] stored for 35 files
[debug] [2022-12-13T08:52:39.566Z] [hosting][hash queue][FINAL] {"max":595,"min":4,"avg":71.05714285714286,"active":0,"complete":35,"success":35,"errored":0,"retried":0,"total":35,"elapsed":702}
[debug] [2022-12-13T08:52:39.566Z] >>> [apiv2][query] POST https://firebasehosting.googleapis.com/v1beta1/projects/282886212642/sites/allhafesh/versions/2bc7371399a59c74:populateFiles [none]
[debug] [2022-12-13T08:52:39.566Z] >>> [apiv2][body] POST https://firebasehosting.googleapis.com/v1beta1/projects/282886212642/sites/allhafesh/versions/2bc7371399a59c74:populateFiles {"files":{"/favicon.ico":"59e31118c5a6836e486b891d86b26f0b64b067d252e0154cefa2b8af11d0353f","/logo192.png":"3ee59515172ee198f3be375979df15ac5345183e656720a381b8872b2a39dc8b","/logo512.png":"ee7e2f3fdb8209c4b6fd7bef6ba50d1b9dba30a25bb5c3126df057e1cb6f5331","/manifest.json":"aff3449bdc238776f5d6d967f19ec491b36aed5fb7f23ccff6500736fd58494a","/robots.txt":"bfe106a3fb878dc83461c86818bf74fc1bdc7f28538ba613cd3e775516ce8b49","/s.ico":"eae62e993eb980ec8a25058c39d5a51feab118bd2100c4deebb2a9c158ec11f9","/img/2022-12-11_021708.png":"3a45f2796a795128a01d54e826244d09d3165ef078431326cfd235e1ff1d8370","/img/architech.png":"ae46ecae8315b036c209e9c33cab1ae7733c0429e89eb3fbc281acac0a4ddbad","/img/blog1.jpg":"31c1f745df19b800ed0cd9f9b2bfef833ed87c572aee8a21f139db08ba555524","/img/blog2.jpg":"cf626c7243c2ac2dadbe3a164edad310b1b5d4ebd3dbe8574a78307fdfeb9276","/img/blog3.jpg":"9c263796ec4e0489f65d99d0b2e6b807f4f43fba0119cc63e4e1ac660822ebad","/img/fav.png":"59e31118c5a6836e486b891d86b26f0b64b067d252e0154cefa2b8af11d0353f","/img/hreee.png":"5ca8c27dd8a5fa8ac35a572dde5e3eb91ae45b953c4cb5c51b006347c535c6ed","/img/hreee5.png":"d4f88a2e1efa743d6e5ddef118119b39c8fc860a5ece7848556ffdaeec60645b","/img/IMG_39911-removebg-preview.png":"37688fbc9ae6dad1aa517a2093a93f49f0a8708d83b31827e547d72ffb879950","/img/poridhan.png":"7835edd1a69cc4fb46ec59a02bfb1b6617546d52cf9aa758fed2fa0fff74b711","/img/port1.jpg":"b3daed40730c07bb123078b1a793a419e3a5ec51dc18908c84689e86acf0e60c","/img/port2.jpg":"fa5f1dc210afd32b983948353f9f103550fb072b4f72fd4eafd24f21d52a134d","/img/port3.jpg":"41bba6384bee3a164efd07a75ec6b0e62963a80531351c78ee4942c641c2c24b","/img/port4.jpg":"b57078d0d7f40e500074a67ad5794ef127dca20eb5736ab43a0283a20dba5ee5","/img/port5.jpg":"0c445e6ed93437b9003eeae804c114d26b0ab7aa825edf3d5d928765ff1b7af2","/img/port6.jpg":"02457baa818b3fdcde0e3c84fbed0f7a5b9dd59fb05d61238c3d0fb47fa74861","/img/port7.jpg":"304cae99839e56c0627b03c443c931c91e017e154fcdc624e92aa903df989ba4","/img/Resume-of-All-Hafesh.pdf":"f71abe9806285376a595c84e0c9eaa26a975e2d55ce519a1983d68d7d7953519","/img/s.png":"e8efb3dd20d07b82ee0a85a9bb366c3a6a7264221be001bb7f3242e94c8fe8fd","/img/unlock.png":"6a2caf0b7b2fe1ded8b731c8552e3b4531bfee7000c981d49418780f2592bc8f","/asset-manifest.json":"1857add9affa74904713db430e8cb081fecd2bb19d4ceebca9e9459829469dea","/static/js/787.c5b070e3.chunk.js.map":"77769ad127093f05a00b8ab3eaae45dfac984760dd9af919bc80a8ba1df11447","/static/js/787.c5b070e3.chunk.js":"9c3682623da0d2c480c7dfdaec2a78542a73e9125b28d6978e6bc535e201cf11","/static/js/main.c9229e0d.js.LICENSE.txt":"7182434c482690c924d9d8b4cc3f339820799db35200175c3943888db36ba580","/static/css/main.315d5cfe.css":"4e87d502f74f46d7a610d1790f1eea483b44e752741ebe5d8a39fd1dcd2c4163","/index.html":"b6fa87705a656ba3774a9014ad04e427da66f931a0e44eedc9970cfcbcaa8701","/static/js/main.c9229e0d.js":"c5fb44b56cf4cce36c82f43b55330e0d5fe27122b6e0fe4318936185b7e26bcc","/static/css/main.315d5cfe.css.map":"6c93a3620b732e4e49ba25b3c87cad2291d2ac7dfc539adef299bac043cc54e8","/static/js/main.c9229e0d.js.map":"5a82f918ece60607a359823487a4f2d5278c7703d2b1d364ae4390ab5afac673"}}
[debug] [2022-12-13T08:52:40.922Z] <<< [apiv2][status] POST https://firebasehosting.googleapis.com/v1beta1/projects/282886212642/sites/allhafesh/versions/2bc7371399a59c74:populateFiles 200
[debug] [2022-12-13T08:52:40.922Z] <<< [apiv2][body] POST https://firebasehosting.googleapis.com/v1beta1/projects/282886212642/sites/allhafesh/versions/2bc7371399a59c74:populateFiles {"uploadRequiredHashes":["4e87d502f74f46d7a610d1790f1eea483b44e752741ebe5d8a39fd1dcd2c4163","5a82f918ece60607a359823487a4f2d5278c7703d2b1d364ae4390ab5afac673","b6fa87705a656ba3774a9014ad04e427da66f931a0e44eedc9970cfcbcaa8701","6c93a3620b732e4e49ba25b3c87cad2291d2ac7dfc539adef299bac043cc54e8","1857add9affa74904713db430e8cb081fecd2bb19d4ceebca9e9459829469dea","c5fb44b56cf4cce36c82f43b55330e0d5fe27122b6e0fe4318936185b7e26bcc"],"uploadUrl":"https://upload-firebasehosting.googleapis.com/upload/sites/allhafesh/versions/2bc7371399a59c74/files"}
[debug] [2022-12-13T08:52:40.925Z] >>> [apiv2][query] POST https://upload-firebasehosting.googleapis.com/upload/sites/allhafesh/versions/2bc7371399a59c74/files/4e87d502f74f46d7a610d1790f1eea483b44e752741ebe5d8a39fd1dcd2c4163 [none]
[debug] [2022-12-13T08:52:40.925Z] >>> [apiv2][body] POST https://upload-firebasehosting.googleapis.com/upload/sites/allhafesh/versions/2bc7371399a59c74/files/4e87d502f74f46d7a610d1790f1eea483b44e752741ebe5d8a39fd1dcd2c4163 [stream]
[debug] [2022-12-13T08:52:40.926Z] >>> [apiv2][query] POST https://upload-firebasehosting.googleapis.com/upload/sites/allhafesh/versions/2bc7371399a59c74/files/5a82f918ece60607a359823487a4f2d5278c7703d2b1d364ae4390ab5afac673 [none]
[debug] [2022-12-13T08:52:40.927Z] >>> [apiv2][body] POST https://upload-firebasehosting.googleapis.com/upload/sites/allhafesh/versions/2bc7371399a59c74/files/5a82f918ece60607a359823487a4f2d5278c7703d2b1d364ae4390ab5afac673 [stream]
[debug] [2022-12-13T08:52:40.928Z] >>> [apiv2][query] POST https://upload-firebasehosting.googleapis.com/upload/sites/allhafesh/versions/2bc7371399a59c74/files/b6fa87705a656ba3774a9014ad04e427da66f931a0e44eedc9970cfcbcaa8701 [none]
[debug] [2022-12-13T08:52:40.928Z] >>> [apiv2][body] POST https://upload-firebasehosting.googleapis.com/upload/sites/allhafesh/versions/2bc7371399a59c74/files/b6fa87705a656ba3774a9014ad04e427da66f931a0e44eedc9970cfcbcaa8701 [stream]
[debug] [2022-12-13T08:52:40.930Z] >>> [apiv2][query] POST https://upload-firebasehosting.googleapis.com/upload/sites/allhafesh/versions/2bc7371399a59c74/files/6c93a3620b732e4e49ba25b3c87cad2291d2ac7dfc539adef299bac043cc54e8 [none]
[debug] [2022-12-13T08:52:40.930Z] >>> [apiv2][body] POST https://upload-firebasehosting.googleapis.com/upload/sites/allhafesh/versions/2bc7371399a59c74/files/6c93a3620b732e4e49ba25b3c87cad2291d2ac7dfc539adef299bac043cc54e8 [stream]
[debug] [2022-12-13T08:52:40.932Z] >>> [apiv2][query] POST https://upload-firebasehosting.googleapis.com/upload/sites/allhafesh/versions/2bc7371399a59c74/files/1857add9affa74904713db430e8cb081fecd2bb19d4ceebca9e9459829469dea [none]
[debug] [2022-12-13T08:52:40.932Z] >>> [apiv2][body] POST https://upload-firebasehosting.googleapis.com/upload/sites/allhafesh/versions/2bc7371399a59c74/files/1857add9affa74904713db430e8cb081fecd2bb19d4ceebca9e9459829469dea [stream]
[debug] [2022-12-13T08:52:40.934Z] >>> [apiv2][query] POST https://upload-firebasehosting.googleapis.com/upload/sites/allhafesh/versions/2bc7371399a59c74/files/c5fb44b56cf4cce36c82f43b55330e0d5fe27122b6e0fe4318936185b7e26bcc [none]
[debug] [2022-12-13T08:52:40.934Z] >>> [apiv2][body] POST https://upload-firebasehosting.googleapis.com/upload/sites/allhafesh/versions/2bc7371399a59c74/files/c5fb44b56cf4cce36c82f43b55330e0d5fe27122b6e0fe4318936185b7e26bcc [stream]
[debug] [2022-12-13T08:52:40.936Z] [hosting][populate queue][FINAL] {"max":1411,"min":1411,"avg":1411,"active":0,"complete":1,"success":1,"errored":0,"retried":0,"total":1,"elapsed":1422}
[debug] [2022-12-13T08:52:40.937Z] [hosting] uploads queued: 6
[debug] [2022-12-13T08:52:42.743Z] <<< [apiv2][status] POST https://upload-firebasehosting.googleapis.com/upload/sites/allhafesh/versions/2bc7371399a59c74/files/6c93a3620b732e4e49ba25b3c87cad2291d2ac7dfc539adef299bac043cc54e8 200
[debug] [2022-12-13T08:52:42.743Z] <<< [apiv2][body] POST https://upload-firebasehosting.googleapis.com/upload/sites/allhafesh/versions/2bc7371399a59c74/files/6c93a3620b732e4e49ba25b3c87cad2291d2ac7dfc539adef299bac043cc54e8 [stream]
[debug] [2022-12-13T08:52:42.865Z] <<< [apiv2][status] POST https://upload-firebasehosting.googleapis.com/upload/sites/allhafesh/versions/2bc7371399a59c74/files/4e87d502f74f46d7a610d1790f1eea483b44e752741ebe5d8a39fd1dcd2c4163 200
[debug] [2022-12-13T08:52:42.865Z] <<< [apiv2][body] POST https://upload-firebasehosting.googleapis.com/upload/sites/allhafesh/versions/2bc7371399a59c74/files/4e87d502f74f46d7a610d1790f1eea483b44e752741ebe5d8a39fd1dcd2c4163 [stream]
[debug] [2022-12-13T08:52:42.897Z] <<< [apiv2][status] POST https://upload-firebasehosting.googleapis.com/upload/sites/allhafesh/versions/2bc7371399a59c74/files/1857add9affa74904713db430e8cb081fecd2bb19d4ceebca9e9459829469dea 200
[debug] [2022-12-13T08:52:42.897Z] <<< [apiv2][body] POST https://upload-firebasehosting.googleapis.com/upload/sites/allhafesh/versions/2bc7371399a59c74/files/1857add9affa74904713db430e8cb081fecd2bb19d4ceebca9e9459829469dea [stream]
[debug] [2022-12-13T08:52:43.050Z] <<< [apiv2][status] POST https://upload-firebasehosting.googleapis.com/upload/sites/allhafesh/versions/2bc7371399a59c74/files/c5fb44b56cf4cce36c82f43b55330e0d5fe27122b6e0fe4318936185b7e26bcc 200
[debug] [2022-12-13T08:52:43.050Z] <<< [apiv2][body] POST https://upload-firebasehosting.googleapis.com/upload/sites/allhafesh/versions/2bc7371399a59c74/files/c5fb44b56cf4cce36c82f43b55330e0d5fe27122b6e0fe4318936185b7e26bcc [stream]
[debug] [2022-12-13T08:52:44.014Z] <<< [apiv2][status] POST https://upload-firebasehosting.googleapis.com/upload/sites/allhafesh/versions/2bc7371399a59c74/files/5a82f918ece60607a359823487a4f2d5278c7703d2b1d364ae4390ab5afac673 200
[debug] [2022-12-13T08:52:44.014Z] <<< [apiv2][body] POST https://upload-firebasehosting.googleapis.com/upload/sites/allhafesh/versions/2bc7371399a59c74/files/5a82f918ece60607a359823487a4f2d5278c7703d2b1d364ae4390ab5afac673 [stream]
[debug] [2022-12-13T08:52:44.370Z] <<< [apiv2][status] POST https://upload-firebasehosting.googleapis.com/upload/sites/allhafesh/versions/2bc7371399a59c74/files/b6fa87705a656ba3774a9014ad04e427da66f931a0e44eedc9970cfcbcaa8701 200
[debug] [2022-12-13T08:52:44.370Z] <<< [apiv2][body] POST https://upload-firebasehosting.googleapis.com/upload/sites/allhafesh/versions/2bc7371399a59c74/files/b6fa87705a656ba3774a9014ad04e427da66f931a0e44eedc9970cfcbcaa8701 [stream]
[debug] [2022-12-13T08:52:44.371Z] [hosting][upload queue][FINAL] {"max":3448,"min":1819,"avg":2400,"active":0,"complete":6,"success":6,"errored":0,"retried":0,"total":6,"elapsed":3448}
[info] +  hosting[allhafesh]: file upload complete 
[debug] [2022-12-13T08:52:44.372Z] [hosting] deploy completed after 5681ms
[debug] [2022-12-13T08:52:44.375Z] [
  {
    "config": {
      "public": "build",
      "ignore": [
        "firebase.json",
        "**/.*",
        "**/node_modules/**"
      ],
      "rewrites": [
        {
          "source": "**",
          "destination": "/index.html"
        }
      ],
      "site": "allhafesh"
    },
    "version": "projects/282886212642/sites/allhafesh/versions/2bc7371399a59c74"
  }
]
[info] i  hosting[allhafesh]: finalizing version... 
[debug] [2022-12-13T08:52:44.378Z] >>> [apiv2][query] PATCH https://firebasehosting.googleapis.com/v1beta1/projects/-/sites/allhafesh/versions/2bc7371399a59c74 updateMask=status%2Cconfig
[debug] [2022-12-13T08:52:44.378Z] >>> [apiv2][body] PATCH https://firebasehosting.googleapis.com/v1beta1/projects/-/sites/allhafesh/versions/2bc7371399a59c74 {"status":"FINALIZED","config":{"rewrites":[{"glob":"**","path":"/index.html"}]}}
[debug] [2022-12-13T08:52:45.712Z] <<< [apiv2][status] PATCH https://firebasehosting.googleapis.com/v1beta1/projects/-/sites/allhafesh/versions/2bc7371399a59c74 200
[debug] [2022-12-13T08:52:45.713Z] <<< [apiv2][body] PATCH https://firebasehosting.googleapis.com/v1beta1/projects/-/sites/allhafesh/versions/2bc7371399a59c74 {"name":"projects/282886212642/sites/allhafesh/versions/2bc7371399a59c74","status":"FINALIZED","config":{"rewrites":[{"glob":"**","path":"/index.html"}]},"labels":{"deployment-tool":"cli-firebase"},"createTime":"2022-12-13T08:52:39.426587Z","createUser":{"email":"allhafesh825@gmail.com"},"finalizeTime":"2022-12-13T08:52:46.778133Z","finalizeUser":{"email":"allhafesh825@gmail.com"}}
[debug] [2022-12-13T08:52:45.713Z] [hosting] finalized version for allhafesh:[object Object]
[info] +  hosting[allhafesh]: version finalized 
[info] i  hosting[allhafesh]: releasing new version... 
[debug] [2022-12-13T08:52:45.714Z] >>> [apiv2][query] POST https://firebasehosting.googleapis.com/v1beta1/projects/-/sites/allhafesh/channels/live/releases versionName=projects%2F282886212642%2Fsites%2Fallhafesh%2Fversions%2F2bc7371399a59c74
[debug] [2022-12-13T08:52:45.715Z] >>> [apiv2][body] POST https://firebasehosting.googleapis.com/v1beta1/projects/-/sites/allhafesh/channels/live/releases {}
[debug] [2022-12-13T08:52:47.059Z] <<< [apiv2][status] POST https://firebasehosting.googleapis.com/v1beta1/projects/-/sites/allhafesh/channels/live/releases 200
[debug] [2022-12-13T08:52:47.059Z] <<< [apiv2][body] POST https://firebasehosting.googleapis.com/v1beta1/projects/-/sites/allhafesh/channels/live/releases {"name":"projects/282886212642/sites/allhafesh/channels/live/releases/1670921567508796","version":{"name":"projects/282886212642/sites/allhafesh/versions/2bc7371399a59c74","status":"FINALIZED","config":{"rewrites":[{"glob":"**","path":"/index.html"}]},"labels":{"deployment-tool":"cli-firebase"},"createTime":"2022-12-13T08:52:39.426587Z","createUser":{"email":"allhafesh825@gmail.com","imageUrl":"https://lh3.googleusercontent.com/a/AEdFTp50zN3x6oqYcyeM376MEYDJcwdaxawpNrylVWab"},"finalizeTime":"2022-12-13T08:52:46.778133Z","finalizeUser":{"email":"allhafesh825@gmail.com","imageUrl":"https://lh3.googleusercontent.com/a/AEdFTp50zN3x6oqYcyeM376MEYDJcwdaxawpNrylVWab"}},"type":"DEPLOY","releaseTime":"2022-12-13T08:52:47.508796898Z","releaseUser":{"email":"allhafesh825@gmail.com","imageUrl":"https://lh3.googleusercontent.com/a/AEdFTp50zN3x6oqYcyeM376MEYDJcwdaxawpNrylVWab"}}
[debug] [2022-12-13T08:52:47.059Z] [hosting] release: {"name":"projects/282886212642/sites/allhafesh/channels/live/releases/1670921567508796","version":{"name":"projects/282886212642/sites/allhafesh/versions/2bc7371399a59c74","status":"FINALIZED","config":{"rewrites":[{"glob":"**","path":"/index.html"}]},"labels":{"deployment-tool":"cli-firebase"},"createTime":"2022-12-13T08:52:39.426587Z","createUser":{"email":"allhafesh825@gmail.com","imageUrl":"https://lh3.googleusercontent.com/a/AEdFTp50zN3x6oqYcyeM376MEYDJcwdaxawpNrylVWab"},"finalizeTime":"2022-12-13T08:52:46.778133Z","finalizeUser":{"email":"allhafesh825@gmail.com","imageUrl":"https://lh3.googleusercontent.com/a/AEdFTp50zN3x6oqYcyeM376MEYDJcwdaxawpNrylVWab"}},"type":"DEPLOY","releaseTime":"2022-12-13T08:52:47.508796898Z","releaseUser":{"email":"allhafesh825@gmail.com","imageUrl":"https://lh3.googleusercontent.com/a/AEdFTp50zN3x6oqYcyeM376MEYDJcwdaxawpNrylVWab"}}
[info] +  hosting[allhafesh]: release complete 
[info] 
[info] +  Deploy complete! 
[info] 
[info] Project Console: https://console.firebase.google.com/project/allhafesh/overview
[info] Hosting URL: https://allhafesh.web.app
[debug] [2022-12-13T08:52:53.080Z] Error: Timed out.
    at Timeout._onTimeout (C:\Users\USER\AppData\Roaming\npm\node_modules\firebase-tools\lib\utils.js:253:49)
    at listOnTimeout (node:internal/timers:559:17)
    at processTimers (node:internal/timers:502:7)
[error] 
[error] Error: An unexpected error has occurred.
